==================================2023-09-06 16:41:17==================================
 => sendOrder row : {
    "cart": {
        "id": 21,
        "id_shop_group": "1",
        "id_shop": "1",
        "id_address_delivery": "2",
        "id_address_invoice": "2",
        "id_currency": "1",
        "id_customer": "3",
        "id_guest": "192",
        "id_lang": "1",
        "recyclable": "0",
        "gift": "0",
        "gift_message": "",
        "mobile_theme": "0",
        "date_add": "2023-09-06 16:40:55",
        "secure_key": "8339edcdb422120787626a760f268f29",
        "id_carrier": "1",
        "date_upd": "2023-09-06 16:41:13",
        "checkedTos": false,
        "pictures": null,
        "textFields": null,
        "delivery_option": "{\"2\":\"1,\"}",
        "allow_seperated_package": "0",
        "id_shop_list": [],
        "force_id": false
    },
    "order": {
        "id_address_delivery": 2,
        "id_address_invoice": 2,
        "id_shop_group": 1,
        "id_shop": 1,
        "id_cart": 21,
        "id_currency": 1,
        "id_lang": 1,
        "id_customer": 3,
        "id_carrier": 1,
        "current_state": null,
        "secure_key": "8339edcdb422120787626a760f268f29",
        "payment": "Ch\u00e8que",
        "module": "ps_checkpayment",
        "conversion_rate": "1.000000",
        "recyclable": "0",
        "gift": 0,
        "gift_message": "",
        "mobile_theme": "0",
        "shipping_number": null,
        "total_discounts": 0,
        "total_discounts_tax_incl": 0,
        "total_discounts_tax_excl": 0,
        "total_paid": 384,
        "total_paid_tax_incl": 384,
        "total_paid_tax_excl": 384,
        "total_paid_real": 0,
        "total_products": 384,
        "total_products_wt": 384,
        "total_shipping": 0,
        "total_shipping_tax_incl": 0,
        "total_shipping_tax_excl": 0,
        "carrier_tax_rate": 20,
        "total_wrapping": 0,
        "total_wrapping_tax_incl": 0,
        "total_wrapping_tax_excl": 0,
        "invoice_number": null,
        "delivery_number": null,
        "invoice_date": "0000-00-00 00:00:00",
        "delivery_date": "0000-00-00 00:00:00",
        "valid": null,
        "date_add": "2023-09-06 16:41:17",
        "date_upd": "2023-09-06 16:41:17",
        "reference": "ELCWLSJAL",
        "round_mode": "2",
        "round_type": "2",
        "note": "",
        "id": "10",
        "id_shop_list": [],
        "force_id": false,
        "product_list": [
            {
                "id_product_attribute": "0",
                "id_product": "26",
                "cart_quantity": "1",
                "id_shop": "1",
                "id_customization": "19",
                "name": "IPHONE 11 128GO BLANC",
                "is_virtual": "0",
                "description_short": "",
                "available_now": "",
                "available_later": "",
                "id_category_default": "770",
                "id_supplier": "0",
                "id_manufacturer": "9",
                "manufacturer_name": "APPLE",
                "on_sale": "0",
                "ecotax": "0.000000",
                "additional_shipping_cost": "0.000000",
                "available_for_order": "1",
                "show_price": "1",
                "price": 384,
                "active": "1",
                "unity": "",
                "unit_price_ratio": "0.000000",
                "quantity_available": "1",
                "width": "0.000000",
                "height": "0.000000",
                "depth": "0.000000",
                "out_of_stock": "2",
                "weight": 0,
                "available_date": "0000-00-00",
                "date_add": "2023-08-22 11:55:43",
                "date_upd": "2023-09-06 16:40:29",
                "quantity": 1,
                "link_rewrite": "apple-iphone-11-128go-blanc",
                "category": "iphone-11",
                "unique_id": "00000000260000000000219",
                "id_address_delivery": "2",
                "advanced_stock_management": "0",
                "supplier_reference": null,
                "customization_quantity": "1",
                "price_attribute": null,
                "ecotax_attr": null,
                "reference": "3546797846556",
                "weight_attribute": null,
                "ean13": "",
                "isbn": "",
                "upc": "",
                "mpn": "",
                "minimal_quantity": "1",
                "wholesale_price": "0.000000",
                "id_image": "26-403",
                "legend": "IPHONE 11 128GO BLANC",
                "reduction_type": 0,
                "is_gift": false,
                "reduction": 0,
                "reduction_without_tax": 0,
                "price_without_reduction": 384,
                "specific_prices": [],
                "stock_quantity": 1,
                "price_without_reduction_without_tax": 384,
                "price_with_reduction": 384,
                "price_with_reduction_without_tax": 384,
                "total": 384,
                "total_wt": 384,
                "price_wt": 384,
                "reduction_applies": false,
                "quantity_discount_applies": false,
                "allow_oosp": 0,
                "features": [
                    {
                        "id_feature": "2",
                        "id_product": "26",
                        "id_feature_value": "3036"
                    },
                    {
                        "id_feature": "3",
                        "id_product": "26",
                        "id_feature_value": "2978"
                    },
                    {
                        "id_feature": "7",
                        "id_product": "26",
                        "id_feature_value": "2979"
                    },
                    {
                        "id_feature": "8",
                        "id_product": "26",
                        "id_feature_value": "18"
                    },
                    {
                        "id_feature": "9",
                        "id_product": "26",
                        "id_feature_value": "1752"
                    },
                    {
                        "id_feature": "13",
                        "id_product": "26",
                        "id_feature_value": "892"
                    }
                ],
                "attributes": "",
                "attributes_small": "",
                "rate": 0,
                "tax_name": "",
                "warehouse_list": [
                    0
                ],
                "in_stock": true,
                "carrier_list": {
                    "1": "1"
                }
            }
        ]
    },
    "customer": {
        "id": 3,
        "id_shop": "1",
        "id_shop_group": "1",
        "secure_key": "8339edcdb422120787626a760f268f29",
        "note": null,
        "id_gender": "1",
        "id_default_group": "3",
        "id_lang": "1",
        "lastname": "samson",
        "firstname": "jean-baptiste",
        "birthday": "0000-00-00",
        "email": "jbsamson@dioqa.com",
        "newsletter": "0",
        "ip_registration_newsletter": null,
        "newsletter_date_add": "0000-00-00 00:00:00",
        "optin": "0",
        "website": null,
        "company": null,
        "siret": null,
        "ape": null,
        "outstanding_allow_amount": "0.000000",
        "show_public_prices": "0",
        "id_risk": "0",
        "max_payment_days": "0",
        "passwd": "$2y$10$R\/2J2.sUIGzYYKkambPIYOHlcVqosQFcfrrbJZk6nXegvtCY\/zg8y",
        "last_passwd_gen": "2023-08-24 04:16:11",
        "active": "1",
        "is_guest": "0",
        "deleted": "0",
        "date_add": "2023-08-24 10:16:11",
        "date_upd": "2023-08-31 15:25:55",
        "years": null,
        "days": null,
        "months": null,
        "geoloc_id_country": null,
        "geoloc_id_state": null,
        "geoloc_postcode": null,
        "logged": 0,
        "id_guest": null,
        "groupBox": null,
        "reset_password_token": null,
        "reset_password_validity": "0000-00-00 00:00:00",
        "id_shop_list": [],
        "force_id": false
    },
    "currency": {
        "id": 1,
        "name": "Euro",
        "iso_code": "EUR",
        "iso_code_num": "978",
        "numeric_iso_code": "978",
        "conversion_rate": "1.000000",
        "deleted": "0",
        "unofficial": "0",
        "modified": "0",
        "active": "1",
        "sign": "\u20ac",
        "symbol": "\u20ac",
        "format": null,
        "blank": 1,
        "decimals": 1,
        "precision": "2",
        "pattern": {
            "1": ""
        },
        "prefix": null,
        "suffix": null,
        "id_shop_list": [],
        "force_id": false
    },
    "orderStatus": {
        "name": "En attente du paiement par ch\u00e8que",
        "template": "cheque",
        "send_email": "1",
        "module_name": "ps_checkpayment",
        "invoice": "0",
        "color": "#34209E",
        "unremovable": "1",
        "logable": "0",
        "delivery": "0",
        "hidden": "0",
        "shipped": "0",
        "paid": "0",
        "pdf_invoice": "0",
        "pdf_delivery": "0",
        "deleted": "0",
        "id": 1,
        "id_shop_list": [],
        "force_id": false
    },
    "cookie": {},
    "altern": 1
} 
==================================2023-09-06 16:41:17==================================
 => sendOrder formatted : {
    "orderId": 10,
    "placeId": 999,
    "orderDate": "2023-09-06 16:41:17",
    "content": [
        {
            "deviceId": 21,
            "quantity": 1,
            "unitPrice": 384,
            "withCharger": true
        }
    ]
} 
