==================================2023-08-08 14:40:13==================================
 => hookActionCartUpdateQuantityBefore : {} : [] 
==================================2023-08-08 14:42:54==================================
 => hookActionCartUpdateQuantityBefore : {} : [] 
==================================2023-08-08 14:48:36==================================
 => hookActionValidateOrder : {} 
==================================2023-08-08 14:52:25==================================
 => hookActionCartUpdateQuantityBefore : PrestaShopException: Quantity in cart for product id : 1790 and cart id : 27 does not exist in /home/www/client/www/CPT013/cr-digital/modules/dioqaapiconnexion/dioqaapiconnexion.php:596
Stack trace:
#0 /home/www/client/www/CPT013/cr-digital/modules/dioqaapiconnexion/dioqaapiconnexion.php(255): Dioqaapiconnexion->addBooking(Array)
#1 /home/www/client/www/CPT013/cr-digital/classes/Hook.php(1007): Dioqaapiconnexion->hookActionCartUpdateQuantityBefore(Array)
#2 /home/www/client/www/CPT013/cr-digital/classes/Hook.php(431): HookCore::coreCallHook(Object(Dioqaapiconnexion), 'hookActionCartU...', Array)
#3 /home/www/client/www/CPT013/cr-digital/classes/Hook.php(944): HookCore::callHookOn(Object(Dioqaapiconnexion), 'actionCartUpdat...', Array)
#4 /home/www/client/www/CPT013/cr-digital/classes/Cart.php(1565): HookCore::exec('actionCartUpdat...', Array)
#5 /home/www/client/www/CPT013/cr-digital/controllers/front/CartController.php(502): CartCore->updateQty(1, 1790, 0, 0, 'up', 7, Object(Shop), true, true)
#6 /home/www/client/www/CPT013/cr-digital/controllers/front/CartController.php(246): CartControllerCore->processChangeProductInCart()
#7 /home/www/client/www/CPT013/cr-digital/controllers/front/CartController.php(235): CartControllerCore->updateCart()
#8 /home/www/client/www/CPT013/cr-digital/classes/controller/Controller.php(295): CartControllerCore->postProcess()
#9 /home/www/client/www/CPT013/cr-digital/classes/Dispatcher.php(525): ControllerCore->run()
#10 /home/www/client/www/CPT013/cr-digital/index.php(28): DispatcherCore->dispatch()
#11 {main} 
==================================2023-08-08 14:56:16==================================
 => hookActionCartUpdateQuantityBefore : PrestaShopException: Quantity in cart for product id : 1790 and cart id : 28 does not exist in /home/www/client/www/CPT013/cr-digital/modules/dioqaapiconnexion/dioqaapiconnexion.php:602
Stack trace:
#0 /home/www/client/www/CPT013/cr-digital/modules/dioqaapiconnexion/dioqaapiconnexion.php(255): Dioqaapiconnexion->addBooking(Array)
#1 /home/www/client/www/CPT013/cr-digital/classes/Hook.php(1007): Dioqaapiconnexion->hookActionCartUpdateQuantityBefore(Array)
#2 /home/www/client/www/CPT013/cr-digital/classes/Hook.php(431): HookCore::coreCallHook(Object(Dioqaapiconnexion), 'hookActionCartU...', Array)
#3 /home/www/client/www/CPT013/cr-digital/classes/Hook.php(944): HookCore::callHookOn(Object(Dioqaapiconnexion), 'actionCartUpdat...', Array)
#4 /home/www/client/www/CPT013/cr-digital/classes/Cart.php(1565): HookCore::exec('actionCartUpdat...', Array)
#5 /home/www/client/www/CPT013/cr-digital/controllers/front/CartController.php(502): CartCore->updateQty(1, 1790, 0, 0, 'up', 7, Object(Shop), true, true)
#6 /home/www/client/www/CPT013/cr-digital/controllers/front/CartController.php(246): CartControllerCore->processChangeProductInCart()
#7 /home/www/client/www/CPT013/cr-digital/controllers/front/CartController.php(235): CartControllerCore->updateCart()
#8 /home/www/client/www/CPT013/cr-digital/classes/controller/Controller.php(295): CartControllerCore->postProcess()
#9 /home/www/client/www/CPT013/cr-digital/classes/Dispatcher.php(525): ControllerCore->run()
#10 /home/www/client/www/CPT013/cr-digital/index.php(28): DispatcherCore->dispatch()
#11 {main} 
